Copyright 1986-2022 Xilinx, Inc. All Rights Reserved. Copyright 2022-2025 Advanced Micro Devices, Inc. All Rights Reserved.
------------------------------------------------------------------------------------------------------------------------------------------------------------------------------------------------------------------------------------------------------
| Tool Version : Vivado v.2025.2 (win64) Build 6299465 Fri Nov 14 19:35:11 GMT 2025
| Date         : Tue Jun 16 15:49:51 2026
| Host         : DESKTOP-BT6UGBQ running 64-bit major release  (build 9200)
| Command      : report_timing_summary -max_paths 10 -routable_nets -report_unconstrained -file updown_counter_timing_summary_routed.rpt -pb updown_counter_timing_summary_routed.pb -rpx updown_counter_timing_summary_routed.rpx -warn_on_violation
| Design       : updown_counter
| Device       : 7s50-csga324
| Speed File   : -1  PRODUCTION 1.23 2018-06-13
| Design State : Routed
------------------------------------------------------------------------------------------------------------------------------------------------------------------------------------------------------------------------------------------------------

Timing Summary Report

------------------------------------------------------------------------------------------------
| Timer Settings
| --------------
------------------------------------------------------------------------------------------------

  Enable Multi Corner Analysis               :  Yes
  Enable Pessimism Removal                   :  Yes
  Pessimism Removal Resolution               :  Nearest Common Node
  Enable Input Delay Default Clock           :  No
  Enable Preset / Clear Arcs                 :  No
  Disable Flight Delays                      :  No
  Ignore I/O Paths                           :  No
  Timing Early Launch at Borrowing Latches   :  No
  Borrow Time for Max Delay Exceptions       :  Yes
  Merge Timing Exceptions                    :  Yes
  Inter-SLR Compensation                     :  Conservative

  Corner  Analyze    Analyze    
  Name    Max Paths  Min Paths  
  ------  ---------  ---------  
  Slow    Yes        Yes        
  Fast    Yes        Yes        


------------------------------------------------------------------------------------------------
| Report Methodology
| ------------------
------------------------------------------------------------------------------------------------

Rule       Severity          Description                  Violations  
---------  ----------------  ---------------------------  ----------  
TIMING-17  Critical Warning  Non-clocked sequential cell  30          

Note: This report is based on the most recent report_methodology run and may not be up-to-date. Run report_methodology on the current design for the latest report.



check_timing report

Table of Contents
-----------------
1. checking no_clock (30)
2. checking constant_clock (0)
3. checking pulse_width_clock (0)
4. checking unconstrained_internal_endpoints (60)
5. checking no_input_delay (2)
6. checking no_output_delay (4)
7. checking multiple_clock (0)
8. checking generated_clocks (0)
9. checking loops (0)
10. checking partial_input_delay (0)
11. checking partial_output_delay (0)
12. checking latch_loops (0)

1. checking no_clock (30)
-------------------------
 There are 26 register/latch pins with no clock driven by root clock pin: clk (HIGH)

 There are 4 register/latch pins with no clock driven by root clock pin: slow_clk_reg/Q (HIGH)


2. checking constant_clock (0)
------------------------------
 There are 0 register/latch pins with constant_clock.


3. checking pulse_width_clock (0)
---------------------------------
 There are 0 register/latch pins which need pulse_width check


4. checking unconstrained_internal_endpoints (60)
-------------------------------------------------
 There are 60 pins that are not constrained for maximum delay. (HIGH)

 There are 0 pins that are not constrained for maximum delay due to constant clock.


5. checking no_input_delay (2)
------------------------------
 There are 2 input ports with no input delay specified. (HIGH)

 There are 0 input ports with no input delay but user has a false path constraint.


6. checking no_output_delay (4)
-------------------------------
 There are 4 ports with no output delay specified. (HIGH)

 There are 0 ports with no output delay but user has a false path constraint

 There are 0 ports with no output delay but with a timing clock defined on it or propagating through it


7. checking multiple_clock (0)
------------------------------
 There are 0 register/latch pins with multiple clocks.


8. checking generated_clocks (0)
--------------------------------
 There are 0 generated clocks that are not connected to a clock source.


9. checking loops (0)
---------------------
 There are 0 combinational loops in the design.


10. checking partial_input_delay (0)
------------------------------------
 There are 0 input ports with partial input delay specified.


11. checking partial_output_delay (0)
-------------------------------------
 There are 0 ports with partial output delay specified.


12. checking latch_loops (0)
----------------------------
 There are 0 combinational latch loops in the design through latch input



------------------------------------------------------------------------------------------------
| Design Timing Summary
| ---------------------
------------------------------------------------------------------------------------------------

    WNS(ns)      TNS(ns)  TNS Failing Endpoints  TNS Total Endpoints      WHS(ns)      THS(ns)  THS Failing Endpoints  THS Total Endpoints     WPWS(ns)     TPWS(ns)  TPWS Failing Endpoints  TPWS Total Endpoints  
    -------      -------  ---------------------  -------------------      -------      -------  ---------------------  -------------------     --------     --------  ----------------------  --------------------  
        inf        0.000                      0                   64          inf        0.000                      0                   64           NA           NA                      NA                    NA  


There are no user specified timing constraints.


------------------------------------------------------------------------------------------------
| Clock Summary
| -------------
------------------------------------------------------------------------------------------------


------------------------------------------------------------------------------------------------
| Intra Clock Table
| -----------------
------------------------------------------------------------------------------------------------

Clock             WNS(ns)      TNS(ns)  TNS Failing Endpoints  TNS Total Endpoints      WHS(ns)      THS(ns)  THS Failing Endpoints  THS Total Endpoints     WPWS(ns)     TPWS(ns)  TPWS Failing Endpoints  TPWS Total Endpoints  
-----             -------      -------  ---------------------  -------------------      -------      -------  ---------------------  -------------------     --------     --------  ----------------------  --------------------  


------------------------------------------------------------------------------------------------
| Inter Clock Table
| -----------------
------------------------------------------------------------------------------------------------

From Clock    To Clock          WNS(ns)      TNS(ns)  TNS Failing Endpoints  TNS Total Endpoints      WHS(ns)      THS(ns)  THS Failing Endpoints  THS Total Endpoints  
----------    --------          -------      -------  ---------------------  -------------------      -------      -------  ---------------------  -------------------  


------------------------------------------------------------------------------------------------
| Other Path Groups Table
| -----------------------
------------------------------------------------------------------------------------------------

Path Group    From Clock    To Clock          WNS(ns)      TNS(ns)  TNS Failing Endpoints  TNS Total Endpoints      WHS(ns)      THS(ns)  THS Failing Endpoints  THS Total Endpoints  
----------    ----------    --------          -------      -------  ---------------------  -------------------      -------      -------  ---------------------  -------------------  


------------------------------------------------------------------------------------------------
| User Ignored Path Table
| -----------------------
------------------------------------------------------------------------------------------------

Path Group    From Clock    To Clock    
----------    ----------    --------    


------------------------------------------------------------------------------------------------
| Unconstrained Path Table
| ------------------------
------------------------------------------------------------------------------------------------

Path Group    From Clock    To Clock    
----------    ----------    --------    
(none)                                    


------------------------------------------------------------------------------------------------
| Timing Details
| --------------
------------------------------------------------------------------------------------------------


--------------------------------------------------------------------------------------
Path Group:  (none)
From Clock:  
  To Clock:  

Max Delay            64 Endpoints
Min Delay            64 Endpoints
--------------------------------------------------------------------------------------


Max Delay Paths
--------------------------------------------------------------------------------------
Slack:                    inf
  Source:                 count_reg[3]/C
                            (rising edge-triggered cell FDCE)
  Destination:            count[3]
                            (output port)
  Path Group:             (none)
  Path Type:              Max at Slow Process Corner
  Data Path Delay:        6.146ns  (logic 4.113ns (66.916%)  route 2.033ns (33.084%))
  Logic Levels:           2  (FDCE=1 OBUF=1)

    Location             Delay type                Incr(ns)  Path(ns)    Netlist Resource(s)
  -------------------------------------------------------------------    -------------------
    SLICE_X65Y57         FDCE                         0.000     0.000 r  count_reg[3]/C
    SLICE_X65Y57         FDCE (Prop_fdce_C_Q)         0.419     0.419 r  count_reg[3]/Q
                         net (fo=2, routed)           2.033     2.452    count_OBUF[3]
    F2                   OBUF (Prop_obuf_I_O)         3.694     6.146 r  count_OBUF[3]_inst/O
                         net (fo=0)                   0.000     6.146    count[3]
    F2                                                                r  count[3] (OUT)
  -------------------------------------------------------------------    -------------------

Slack:                    inf
  Source:                 count_reg[1]/C
                            (rising edge-triggered cell FDCE)
  Destination:            count[1]
                            (output port)
  Path Group:             (none)
  Path Type:              Max at Slow Process Corner
  Data Path Delay:        5.798ns  (logic 4.114ns (70.957%)  route 1.684ns (29.043%))
  Logic Levels:           2  (FDCE=1 OBUF=1)

    Location             Delay type                Incr(ns)  Path(ns)    Netlist Resource(s)
  -------------------------------------------------------------------    -------------------
    SLICE_X65Y57         FDCE                         0.000     0.000 r  count_reg[1]/C
    SLICE_X65Y57         FDCE (Prop_fdce_C_Q)         0.419     0.419 r  count_reg[1]/Q
                         net (fo=4, routed)           1.684     2.103    count_OBUF[1]
    G2                   OBUF (Prop_obuf_I_O)         3.695     5.798 r  count_OBUF[1]_inst/O
                         net (fo=0)                   0.000     5.798    count[1]
    G2                                                                r  count[1] (OUT)
  -------------------------------------------------------------------    -------------------

Slack:                    inf
  Source:                 count_reg[2]/C
                            (rising edge-triggered cell FDCE)
  Destination:            count[2]
                            (output port)
  Path Group:             (none)
  Path Type:              Max at Slow Process Corner
  Data Path Delay:        5.711ns  (logic 3.979ns (69.668%)  route 1.732ns (30.332%))
  Logic Levels:           2  (FDCE=1 OBUF=1)

    Location             Delay type                Incr(ns)  Path(ns)    Netlist Resource(s)
  -------------------------------------------------------------------    -------------------
    SLICE_X65Y57         FDCE                         0.000     0.000 r  count_reg[2]/C
    SLICE_X65Y57         FDCE (Prop_fdce_C_Q)         0.456     0.456 r  count_reg[2]/Q
                         net (fo=3, routed)           1.732     2.188    count_OBUF[2]
    F1                   OBUF (Prop_obuf_I_O)         3.523     5.711 r  count_OBUF[2]_inst/O
                         net (fo=0)                   0.000     5.711    count[2]
    F1                                                                r  count[2] (OUT)
  -------------------------------------------------------------------    -------------------

Slack:                    inf
  Source:                 count_reg[0]/C
                            (rising edge-triggered cell FDCE)
  Destination:            count[0]
                            (output port)
  Path Group:             (none)
  Path Type:              Max at Slow Process Corner
  Data Path Delay:        5.664ns  (logic 3.976ns (70.205%)  route 1.688ns (29.795%))
  Logic Levels:           2  (FDCE=1 OBUF=1)

    Location             Delay type                Incr(ns)  Path(ns)    Netlist Resource(s)
  -------------------------------------------------------------------    -------------------
    SLICE_X65Y57         FDCE                         0.000     0.000 r  count_reg[0]/C
    SLICE_X65Y57         FDCE (Prop_fdce_C_Q)         0.456     0.456 r  count_reg[0]/Q
                         net (fo=5, routed)           1.688     2.144    count_OBUF[0]
    G1                   OBUF (Prop_obuf_I_O)         3.520     5.664 r  count_OBUF[0]_inst/O
                         net (fo=0)                   0.000     5.664    count[0]
    G1                                                                r  count[0] (OUT)
  -------------------------------------------------------------------    -------------------

Slack:                    inf
  Source:                 div_count_reg[24]/C
                            (rising edge-triggered cell FDCE)
  Destination:            div_count_reg[22]/D
  Path Group:             (none)
  Path Type:              Max at Slow Process Corner
  Data Path Delay:        4.188ns  (logic 0.989ns (23.617%)  route 3.199ns (76.383%))
  Logic Levels:           4  (FDCE=1 LUT2=1 LUT5=1 LUT6=1)

    Location             Delay type                Incr(ns)  Path(ns)    Netlist Resource(s)
  -------------------------------------------------------------------    -------------------
    SLICE_X63Y57         FDCE                         0.000     0.000 r  div_count_reg[24]/C
    SLICE_X63Y57         FDCE (Prop_fdce_C_Q)         0.419     0.419 f  div_count_reg[24]/Q
                         net (fo=2, routed)           1.149     1.568    div_count_reg_n_0_[24]
    SLICE_X63Y53         LUT5 (Prop_lut5_I2_O)        0.296     1.864 r  div_count[24]_i_9/O
                         net (fo=1, routed)           0.807     2.672    div_count[24]_i_9_n_0
    SLICE_X63Y54         LUT6 (Prop_lut6_I5_O)        0.124     2.796 r  div_count[24]_i_2/O
                         net (fo=25, routed)          1.242     4.038    div_count[24]_i_2_n_0
    SLICE_X63Y57         LUT2 (Prop_lut2_I0_O)        0.150     4.188 r  div_count[22]_i_1/O
                         net (fo=1, routed)           0.000     4.188    div_count[22]
    SLICE_X63Y57         FDCE                                         r  div_count_reg[22]/D
  -------------------------------------------------------------------    -------------------

Slack:                    inf
  Source:                 div_count_reg[24]/C
                            (rising edge-triggered cell FDCE)
  Destination:            div_count_reg[2]/D
  Path Group:             (none)
  Path Type:              Max at Slow Process Corner
  Data Path Delay:        4.173ns  (logic 0.991ns (23.750%)  route 3.182ns (76.250%))
  Logic Levels:           4  (FDCE=1 LUT2=1 LUT5=1 LUT6=1)

    Location             Delay type                Incr(ns)  Path(ns)    Netlist Resource(s)
  -------------------------------------------------------------------    -------------------
    SLICE_X63Y57         FDCE                         0.000     0.000 r  div_count_reg[24]/C
    SLICE_X63Y57         FDCE (Prop_fdce_C_Q)         0.419     0.419 f  div_count_reg[24]/Q
                         net (fo=2, routed)           1.149     1.568    div_count_reg_n_0_[24]
    SLICE_X63Y53         LUT5 (Prop_lut5_I2_O)        0.296     1.864 r  div_count[24]_i_9/O
                         net (fo=1, routed)           0.807     2.672    div_count[24]_i_9_n_0
    SLICE_X63Y54         LUT6 (Prop_lut6_I5_O)        0.124     2.796 r  div_count[24]_i_2/O
                         net (fo=25, routed)          1.225     4.021    div_count[24]_i_2_n_0
    SLICE_X63Y52         LUT2 (Prop_lut2_I0_O)        0.152     4.173 r  div_count[2]_i_1/O
                         net (fo=1, routed)           0.000     4.173    div_count[2]
    SLICE_X63Y52         FDCE                                         r  div_count_reg[2]/D
  -------------------------------------------------------------------    -------------------

Slack:                    inf
  Source:                 div_count_reg[24]/C
                            (rising edge-triggered cell FDCE)
  Destination:            div_count_reg[21]/D
  Path Group:             (none)
  Path Type:              Max at Slow Process Corner
  Data Path Delay:        4.162ns  (logic 0.963ns (23.140%)  route 3.199ns (76.860%))
  Logic Levels:           4  (FDCE=1 LUT2=1 LUT5=1 LUT6=1)

    Location             Delay type                Incr(ns)  Path(ns)    Netlist Resource(s)
  -------------------------------------------------------------------    -------------------
    SLICE_X63Y57         FDCE                         0.000     0.000 r  div_count_reg[24]/C
    SLICE_X63Y57         FDCE (Prop_fdce_C_Q)         0.419     0.419 f  div_count_reg[24]/Q
                         net (fo=2, routed)           1.149     1.568    div_count_reg_n_0_[24]
    SLICE_X63Y53         LUT5 (Prop_lut5_I2_O)        0.296     1.864 r  div_count[24]_i_9/O
                         net (fo=1, routed)           0.807     2.672    div_count[24]_i_9_n_0
    SLICE_X63Y54         LUT6 (Prop_lut6_I5_O)        0.124     2.796 r  div_count[24]_i_2/O
                         net (fo=25, routed)          1.242     4.038    div_count[24]_i_2_n_0
    SLICE_X63Y57         LUT2 (Prop_lut2_I0_O)        0.124     4.162 r  div_count[21]_i_1/O
                         net (fo=1, routed)           0.000     4.162    div_count[21]
    SLICE_X63Y57         FDCE                                         r  div_count_reg[21]/D
  -------------------------------------------------------------------    -------------------

Slack:                    inf
  Source:                 div_count_reg[24]/C
                            (rising edge-triggered cell FDCE)
  Destination:            div_count_reg[1]/D
  Path Group:             (none)
  Path Type:              Max at Slow Process Corner
  Data Path Delay:        4.145ns  (logic 0.963ns (23.234%)  route 3.182ns (76.766%))
  Logic Levels:           4  (FDCE=1 LUT2=1 LUT5=1 LUT6=1)

    Location             Delay type                Incr(ns)  Path(ns)    Netlist Resource(s)
  -------------------------------------------------------------------    -------------------
    SLICE_X63Y57         FDCE                         0.000     0.000 r  div_count_reg[24]/C
    SLICE_X63Y57         FDCE (Prop_fdce_C_Q)         0.419     0.419 f  div_count_reg[24]/Q
                         net (fo=2, routed)           1.149     1.568    div_count_reg_n_0_[24]
    SLICE_X63Y53         LUT5 (Prop_lut5_I2_O)        0.296     1.864 r  div_count[24]_i_9/O
                         net (fo=1, routed)           0.807     2.672    div_count[24]_i_9_n_0
    SLICE_X63Y54         LUT6 (Prop_lut6_I5_O)        0.124     2.796 r  div_count[24]_i_2/O
                         net (fo=25, routed)          1.225     4.021    div_count[24]_i_2_n_0
    SLICE_X63Y52         LUT2 (Prop_lut2_I0_O)        0.124     4.145 r  div_count[1]_i_1/O
                         net (fo=1, routed)           0.000     4.145    div_count[1]
    SLICE_X63Y52         FDCE                                         r  div_count_reg[1]/D
  -------------------------------------------------------------------    -------------------

Slack:                    inf
  Source:                 div_count_reg[24]/C
                            (rising edge-triggered cell FDCE)
  Destination:            div_count_reg[8]/D
  Path Group:             (none)
  Path Type:              Max at Slow Process Corner
  Data Path Delay:        4.044ns  (logic 0.993ns (24.557%)  route 3.051ns (75.443%))
  Logic Levels:           4  (FDCE=1 LUT2=1 LUT5=1 LUT6=1)

    Location             Delay type                Incr(ns)  Path(ns)    Netlist Resource(s)
  -------------------------------------------------------------------    -------------------
    SLICE_X63Y57         FDCE                         0.000     0.000 r  div_count_reg[24]/C
    SLICE_X63Y57         FDCE (Prop_fdce_C_Q)         0.419     0.419 f  div_count_reg[24]/Q
                         net (fo=2, routed)           1.149     1.568    div_count_reg_n_0_[24]
    SLICE_X63Y53         LUT5 (Prop_lut5_I2_O)        0.296     1.864 r  div_count[24]_i_9/O
                         net (fo=1, routed)           0.807     2.672    div_count[24]_i_9_n_0
    SLICE_X63Y54         LUT6 (Prop_lut6_I5_O)        0.124     2.796 r  div_count[24]_i_2/O
                         net (fo=25, routed)          1.094     3.890    div_count[24]_i_2_n_0
    SLICE_X63Y53         LUT2 (Prop_lut2_I0_O)        0.154     4.044 r  div_count[8]_i_1/O
                         net (fo=1, routed)           0.000     4.044    div_count[8]
    SLICE_X63Y53         FDCE                                         r  div_count_reg[8]/D
  -------------------------------------------------------------------    -------------------

Slack:                    inf
  Source:                 div_count_reg[24]/C
                            (rising edge-triggered cell FDCE)
  Destination:            div_count_reg[18]/D
  Path Group:             (none)
  Path Type:              Max at Slow Process Corner
  Data Path Delay:        4.038ns  (logic 0.989ns (24.495%)  route 3.049ns (75.505%))
  Logic Levels:           4  (FDCE=1 LUT2=1 LUT5=1 LUT6=1)

    Location             Delay type                Incr(ns)  Path(ns)    Netlist Resource(s)
  -------------------------------------------------------------------    -------------------
    SLICE_X63Y57         FDCE                         0.000     0.000 r  div_count_reg[24]/C
    SLICE_X63Y57         FDCE (Prop_fdce_C_Q)         0.419     0.419 f  div_count_reg[24]/Q
                         net (fo=2, routed)           1.149     1.568    div_count_reg_n_0_[24]
    SLICE_X63Y53         LUT5 (Prop_lut5_I2_O)        0.296     1.864 r  div_count[24]_i_9/O
                         net (fo=1, routed)           0.807     2.672    div_count[24]_i_9_n_0
    SLICE_X63Y54         LUT6 (Prop_lut6_I5_O)        0.124     2.796 r  div_count[24]_i_2/O
                         net (fo=25, routed)          1.092     3.888    div_count[24]_i_2_n_0
    SLICE_X63Y56         LUT2 (Prop_lut2_I0_O)        0.150     4.038 r  div_count[18]_i_1/O
                         net (fo=1, routed)           0.000     4.038    div_count[18]
    SLICE_X63Y56         FDCE                                         r  div_count_reg[18]/D
  -------------------------------------------------------------------    -------------------





Min Delay Paths
--------------------------------------------------------------------------------------
Slack:                    inf
  Source:                 count_reg[2]/C
                            (rising edge-triggered cell FDCE)
  Destination:            count_reg[2]/D
  Path Group:             (none)
  Path Type:              Min at Fast Process Corner
  Data Path Delay:        0.344ns  (logic 0.186ns (54.110%)  route 0.158ns (45.890%))
  Logic Levels:           2  (FDCE=1 LUT4=1)

    Location             Delay type                Incr(ns)  Path(ns)    Netlist Resource(s)
  -------------------------------------------------------------------    -------------------
    SLICE_X65Y57         FDCE                         0.000     0.000 r  count_reg[2]/C
    SLICE_X65Y57         FDCE (Prop_fdce_C_Q)         0.141     0.141 r  count_reg[2]/Q
                         net (fo=3, routed)           0.158     0.299    count_OBUF[2]
    SLICE_X65Y57         LUT4 (Prop_lut4_I2_O)        0.045     0.344 r  count[2]_i_1/O
                         net (fo=1, routed)           0.000     0.344    count[2]_i_1_n_0
    SLICE_X65Y57         FDCE                                         r  count_reg[2]/D
  -------------------------------------------------------------------    -------------------

Slack:                    inf
  Source:                 count_reg[2]/C
                            (rising edge-triggered cell FDCE)
  Destination:            count_reg[3]/D
  Path Group:             (none)
  Path Type:              Min at Fast Process Corner
  Data Path Delay:        0.348ns  (logic 0.190ns (54.638%)  route 0.158ns (45.362%))
  Logic Levels:           2  (FDCE=1 LUT5=1)

    Location             Delay type                Incr(ns)  Path(ns)    Netlist Resource(s)
  -------------------------------------------------------------------    -------------------
    SLICE_X65Y57         FDCE                         0.000     0.000 r  count_reg[2]/C
    SLICE_X65Y57         FDCE (Prop_fdce_C_Q)         0.141     0.141 r  count_reg[2]/Q
                         net (fo=3, routed)           0.158     0.299    count_OBUF[2]
    SLICE_X65Y57         LUT5 (Prop_lut5_I4_O)        0.049     0.348 r  count[3]_i_1/O
                         net (fo=1, routed)           0.000     0.348    count[3]_i_1_n_0
    SLICE_X65Y57         FDCE                                         r  count_reg[3]/D
  -------------------------------------------------------------------    -------------------

Slack:                    inf
  Source:                 count_reg[0]/C
                            (rising edge-triggered cell FDCE)
  Destination:            count_reg[1]/D
  Path Group:             (none)
  Path Type:              Min at Fast Process Corner
  Data Path Delay:        0.362ns  (logic 0.183ns (50.496%)  route 0.179ns (49.504%))
  Logic Levels:           2  (FDCE=1 LUT3=1)

    Location             Delay type                Incr(ns)  Path(ns)    Netlist Resource(s)
  -------------------------------------------------------------------    -------------------
    SLICE_X65Y57         FDCE                         0.000     0.000 r  count_reg[0]/C
    SLICE_X65Y57         FDCE (Prop_fdce_C_Q)         0.141     0.141 r  count_reg[0]/Q
                         net (fo=5, routed)           0.179     0.320    count_OBUF[0]
    SLICE_X65Y57         LUT3 (Prop_lut3_I0_O)        0.042     0.362 r  count[1]_i_1/O
                         net (fo=1, routed)           0.000     0.362    count[1]_i_1_n_0
    SLICE_X65Y57         FDCE                                         r  count_reg[1]/D
  -------------------------------------------------------------------    -------------------

Slack:                    inf
  Source:                 count_reg[0]/C
                            (rising edge-triggered cell FDCE)
  Destination:            count_reg[0]/D
  Path Group:             (none)
  Path Type:              Min at Fast Process Corner
  Data Path Delay:        0.365ns  (logic 0.186ns (50.902%)  route 0.179ns (49.098%))
  Logic Levels:           2  (FDCE=1 LUT1=1)

    Location             Delay type                Incr(ns)  Path(ns)    Netlist Resource(s)
  -------------------------------------------------------------------    -------------------
    SLICE_X65Y57         FDCE                         0.000     0.000 r  count_reg[0]/C
    SLICE_X65Y57         FDCE (Prop_fdce_C_Q)         0.141     0.141 f  count_reg[0]/Q
                         net (fo=5, routed)           0.179     0.320    count_OBUF[0]
    SLICE_X65Y57         LUT1 (Prop_lut1_I0_O)        0.045     0.365 r  count[0]_i_1/O
                         net (fo=1, routed)           0.000     0.365    count[0]_i_1_n_0
    SLICE_X65Y57         FDCE                                         r  count_reg[0]/D
  -------------------------------------------------------------------    -------------------

Slack:                    inf
  Source:                 slow_clk_reg/C
                            (rising edge-triggered cell FDCE)
  Destination:            slow_clk_reg/D
  Path Group:             (none)
  Path Type:              Min at Fast Process Corner
  Data Path Delay:        0.384ns  (logic 0.209ns (54.393%)  route 0.175ns (45.607%))
  Logic Levels:           2  (FDCE=1 LUT2=1)

    Location             Delay type                Incr(ns)  Path(ns)    Netlist Resource(s)
  -------------------------------------------------------------------    -------------------
    SLICE_X64Y57         FDCE                         0.000     0.000 r  slow_clk_reg/C
    SLICE_X64Y57         FDCE (Prop_fdce_C_Q)         0.164     0.164 r  slow_clk_reg/Q
                         net (fo=5, routed)           0.175     0.339    slow_clk_reg_n_0
    SLICE_X64Y57         LUT2 (Prop_lut2_I1_O)        0.045     0.384 r  slow_clk_i_1/O
                         net (fo=1, routed)           0.000     0.384    slow_clk_i_1_n_0
    SLICE_X64Y57         FDCE                                         r  slow_clk_reg/D
  -------------------------------------------------------------------    -------------------

Slack:                    inf
  Source:                 div_count_reg[0]/C
                            (rising edge-triggered cell FDCE)
  Destination:            div_count_reg[0]/D
  Path Group:             (none)
  Path Type:              Min at Fast Process Corner
  Data Path Delay:        0.444ns  (logic 0.189ns (42.533%)  route 0.255ns (57.467%))
  Logic Levels:           2  (FDCE=1 LUT1=1)

    Location             Delay type                Incr(ns)  Path(ns)    Netlist Resource(s)
  -------------------------------------------------------------------    -------------------
    SLICE_X62Y53         FDCE                         0.000     0.000 r  div_count_reg[0]/C
    SLICE_X62Y53         FDCE (Prop_fdce_C_Q)         0.141     0.141 f  div_count_reg[0]/Q
                         net (fo=3, routed)           0.098     0.239    div_count_reg_n_0_[0]
    SLICE_X63Y53         LUT1 (Prop_lut1_I0_O)        0.048     0.287 r  div_count[0]_i_1/O
                         net (fo=1, routed)           0.158     0.444    div_count[0]
    SLICE_X62Y53         FDCE                                         r  div_count_reg[0]/D
  -------------------------------------------------------------------    -------------------

Slack:                    inf
  Source:                 div_count_reg[15]/C
                            (rising edge-triggered cell FDCE)
  Destination:            div_count_reg[15]/D
  Path Group:             (none)
  Path Type:              Min at Fast Process Corner
  Data Path Delay:        0.590ns  (logic 0.360ns (60.972%)  route 0.230ns (39.028%))
  Logic Levels:           3  (CARRY4=1 FDCE=1 LUT2=1)

    Location             Delay type                Incr(ns)  Path(ns)    Netlist Resource(s)
  -------------------------------------------------------------------    -------------------
    SLICE_X63Y55         FDCE                         0.000     0.000 r  div_count_reg[15]/C
    SLICE_X63Y55         FDCE (Prop_fdce_C_Q)         0.141     0.141 r  div_count_reg[15]/Q
                         net (fo=2, routed)           0.069     0.210    div_count_reg_n_0_[15]
    SLICE_X62Y55         CARRY4 (Prop_carry4_S[2]_O[2])
                                                      0.111     0.321 r  div_count_reg[16]_i_2/O[2]
                         net (fo=1, routed)           0.161     0.482    data0[15]
    SLICE_X63Y55         LUT2 (Prop_lut2_I1_O)        0.108     0.590 r  div_count[15]_i_1/O
                         net (fo=1, routed)           0.000     0.590    div_count[15]
    SLICE_X63Y55         FDCE                                         r  div_count_reg[15]/D
  -------------------------------------------------------------------    -------------------

Slack:                    inf
  Source:                 div_count_reg[19]/C
                            (rising edge-triggered cell FDCE)
  Destination:            div_count_reg[19]/D
  Path Group:             (none)
  Path Type:              Min at Fast Process Corner
  Data Path Delay:        0.590ns  (logic 0.360ns (60.972%)  route 0.230ns (39.028%))
  Logic Levels:           3  (CARRY4=1 FDCE=1 LUT2=1)

    Location             Delay type                Incr(ns)  Path(ns)    Netlist Resource(s)
  -------------------------------------------------------------------    -------------------
    SLICE_X63Y56         FDCE                         0.000     0.000 r  div_count_reg[19]/C
    SLICE_X63Y56         FDCE (Prop_fdce_C_Q)         0.141     0.141 r  div_count_reg[19]/Q
                         net (fo=2, routed)           0.069     0.210    div_count_reg_n_0_[19]
    SLICE_X62Y56         CARRY4 (Prop_carry4_S[2]_O[2])
                                                      0.111     0.321 r  div_count_reg[20]_i_2/O[2]
                         net (fo=1, routed)           0.161     0.482    data0[19]
    SLICE_X63Y56         LUT2 (Prop_lut2_I1_O)        0.108     0.590 r  div_count[19]_i_1/O
                         net (fo=1, routed)           0.000     0.590    div_count[19]
    SLICE_X63Y56         FDCE                                         r  div_count_reg[19]/D
  -------------------------------------------------------------------    -------------------

Slack:                    inf
  Source:                 div_count_reg[11]/C
                            (rising edge-triggered cell FDCE)
  Destination:            div_count_reg[11]/D
  Path Group:             (none)
  Path Type:              Min at Fast Process Corner
  Data Path Delay:        0.592ns  (logic 0.360ns (60.845%)  route 0.232ns (39.155%))
  Logic Levels:           3  (CARRY4=1 FDCE=1 LUT2=1)

    Location             Delay type                Incr(ns)  Path(ns)    Netlist Resource(s)
  -------------------------------------------------------------------    -------------------
    SLICE_X63Y54         FDCE                         0.000     0.000 r  div_count_reg[11]/C
    SLICE_X63Y54         FDCE (Prop_fdce_C_Q)         0.141     0.141 r  div_count_reg[11]/Q
                         net (fo=2, routed)           0.070     0.211    div_count_reg_n_0_[11]
    SLICE_X62Y54         CARRY4 (Prop_carry4_S[2]_O[2])
                                                      0.111     0.322 r  div_count_reg[12]_i_2/O[2]
                         net (fo=1, routed)           0.161     0.484    data0[11]
    SLICE_X63Y54         LUT2 (Prop_lut2_I1_O)        0.108     0.592 r  div_count[11]_i_1/O
                         net (fo=1, routed)           0.000     0.592    div_count[11]
    SLICE_X63Y54         FDCE                                         r  div_count_reg[11]/D
  -------------------------------------------------------------------    -------------------

Slack:                    inf
  Source:                 div_count_reg[3]/C
                            (rising edge-triggered cell FDCE)
  Destination:            div_count_reg[3]/D
  Path Group:             (none)
  Path Type:              Min at Fast Process Corner
  Data Path Delay:        0.592ns  (logic 0.360ns (60.845%)  route 0.232ns (39.155%))
  Logic Levels:           3  (CARRY4=1 FDCE=1 LUT2=1)

    Location             Delay type                Incr(ns)  Path(ns)    Netlist Resource(s)
  -------------------------------------------------------------------    -------------------
    SLICE_X63Y52         FDCE                         0.000     0.000 r  div_count_reg[3]/C
    SLICE_X63Y52         FDCE (Prop_fdce_C_Q)         0.141     0.141 r  div_count_reg[3]/Q
                         net (fo=2, routed)           0.070     0.211    div_count_reg_n_0_[3]
    SLICE_X62Y52         CARRY4 (Prop_carry4_S[2]_O[2])
                                                      0.111     0.322 r  div_count_reg[4]_i_2/O[2]
                         net (fo=1, routed)           0.161     0.484    data0[3]
    SLICE_X63Y52         LUT2 (Prop_lut2_I1_O)        0.108     0.592 r  div_count[3]_i_1/O
                         net (fo=1, routed)           0.000     0.592    div_count[3]
    SLICE_X63Y52         FDCE                                         r  div_count_reg[3]/D
  -------------------------------------------------------------------    -------------------





